<?xml version="1.0" encoding="UTF-8"?>
<!-- Generated by org.testng.reporters.JUnitReportReporter -->
<testsuite hostname="DESKTOP-FKSURN6" failures="0" tests="1" name="Test_GetEmployeeDetails" time="0.247" errors="0" timestamp="2020-12-11T02:53:31 IST" skipped="0">
  <testcase classname="Test_GetEmployeeDetails" name="test_01" time="0.247"/>
  <system-out/>
</testsuite> <!-- Test_GetEmployeeDetails -->
